#
# There is insufficient memory for the Java Runtime Environment to continue.
# Native memory allocation (mmap) failed to map 268435456 bytes for G1 virtual space
# Possible reasons:
#   The system is out of physical RAM or swap space
#   The process is running with CompressedOops enabled, and the Java Heap may be blocking the growth of the native heap
# Possible solutions:
#   Reduce memory load on the system
#   Increase physical memory or swap space
#   Check if swap backing store is full
#   Decrease Java heap size (-Xmx/-Xms)
#   Decrease number of Java threads
#   Decrease Java thread stack sizes (-Xss)
#   Set larger code cache with -XX:ReservedCodeCacheSize=
#   JVM is running with Zero Based Compressed Oops mode in which the Java heap is
#     placed in the first 32GB address space. The Java Heap base address is the
#     maximum limit for the native heap growth. Please use -XX:HeapBaseMinAddress
#     to set the Java Heap base and to place the Java Heap above 32GB virtual address.
# This output file may be truncated or incomplete.
#
#  Out of Memory Error (os_windows.cpp:3600), pid=7388, tid=4328
#
# JRE version:  (21.0.2+13) (build )
# Java VM: OpenJDK 64-Bit Server VM (21.0.2+13-LTS, mixed mode, sharing, tiered, compressed oops, compressed class ptrs, g1 gc, windows-amd64)
# No core dump will be written. Minidumps are not enabled by default on client versions of Windows
#

---------------  S U M M A R Y ------------

Command Line: -Dfile.encoding=UTF-8 -Dstdout.encoding=UTF-8 -Dstderr.encoding=UTF-8 -XX:+ShowCodeDetailsInExceptionMessages com.eunji.book.BookMain

Host: Intel(R) Core(TM) i7-4790 CPU @ 3.60GHz, 8 cores, 15G,  Windows 10 , 64 bit Build 19041 (10.0.19041.3636)
Time: Tue Feb 20 15:41:34 2024  Windows 10 , 64 bit Build 19041 (10.0.19041.3636) elapsed time: 0.016530 seconds (0d 0h 0m 0s)

---------------  T H R E A D  ---------------

Current thread (0x00000233a3d29f60):  JavaThread "Unknown thread" [_thread_in_vm, id=4328, stack(0x000000c3d2f00000,0x000000c3d3000000) (1024K)]

Stack: [0x000000c3d2f00000,0x000000c3d3000000]
Native frames: (J=compiled Java code, j=interpreted, Vv=VM code, C=native code)
V  [jvm.dll+0x6c94f9]
V  [jvm.dll+0x8a3c21]
V  [jvm.dll+0x8a614e]
V  [jvm.dll+0x8a6823]
V  [jvm.dll+0x27fa86]
V  [jvm.dll+0x6c5c75]
V  [jvm.dll+0x6ba96a]
V  [jvm.dll+0x35398a]
V  [jvm.dll+0x35b536]
V  [jvm.dll+0x3ac6be]
V  [jvm.dll+0x3ac968]
V  [jvm.dll+0x327bcc]
V  [jvm.dll+0x32872b]
V  [jvm.dll+0x86ccf9]
V  [jvm.dll+0x3b96c1]
V  [jvm.dll+0x854ec8]
V  [jvm.dll+0x44d44e]
V  [jvm.dll+0x44eed1]
C  [jli.dll+0x5278]
C  [ucrtbase.dll+0x21bb2]
C  [KERNEL32.DLL+0x17344]
C  [ntdll.dll+0x526b1]


---------------  P R O C E S S  ---------------

Threads class SMR info:
_java_thread_list=0x00007ff8afbdf088, length=0, elements={
}

Java Threads: ( => current thread )
Total: 0

Other Threads:
  0x00000233a3d0a960 WorkerThread "GC Thread#0"                     [id=14884, stack(0x000000c3d3000000,0x000000c3d3100000) (1024K)]
  0x00000233a5e42170 ConcurrentGCThread "G1 Main Marker"            [id=7800, stack(0x000000c3d3100000,0x000000c3d3200000) (1024K)]
  0x00000233a3d0a220 WorkerThread "G1 Conc#0"                       [id=15848, stack(0x000000c3d3200000,0x000000c3d3300000) (1024K)]

[error occurred during error reporting (printing all threads), id 0xc0000005, EXCEPTION_ACCESS_VIOLATION (0xc0000005) at pc=0x00007ff8af2ea4f7]
VM state: not at safepoint (not fully initialized)

VM Mutex/Monitor currently owned by a thread:  ([mutex/lock_event])
[0x00007ff8afc53298] Heap_lock - owner thread: 0x00000233a3d29f60

Heap address: 0x0000000700a00000, size: 4086 MB, Compressed Oops mode: Zero based, Oop shift amount: 3

CDS archive(s) mapped at: [0x0000000000000000-0x0000000000000000-0x0000000000000000), size 0, SharedBaseAddress: 0x0000000800000000, ArchiveRelocationMode: 1.
Narrow klass base: 0x0000000000000000, Narrow klass shift: 0, Narrow klass range: 0x0

GC Precious Log:
 CardTable entry size: 512
 Card Set container configuration: InlinePtr #cards 4 size 8 Array Of Cards #cards 16 size 48 Howl #buckets 8 coarsen threshold 3686 Howl Bitmap #cards 512 size 80 coarsen threshold 460 Card regions per heap region 1 cards per card region 4096

Heap:
 garbage-first heap   total 0K, used 0K [0x0000000700a00000, 0x0000000800000000)
  region size 2048K, 0 young (0K), 0 survivors (0K)

[error occurred during error reporting (printing heap information), id 0xc0000005, EXCEPTION_ACCESS_VIOLATION (0xc0000005) at pc=0x00007ff8af6d23c9]
GC Heap History (0 events):
No events

Dll operation events (1 events):
Event: 0.009 Loaded shared library C:\Program Files\Java\jdk-21.0.2\bin\java.dll

Deoptimization events (0 events):
No events

Classes loaded (0 events):
No events

Classes unloaded (0 events):
No events

Classes redefined (0 events):
No events

Internal exceptions (0 events):
No events

ZGC Phase Switch (0 events):
No events

VM Operations (0 events):
No events

Events (0 events):
No events


Dynamic libraries:
0x00007ff664410000 - 0x00007ff66441e000 	C:\Program Files\Java\jdk-21.0.2\bin\javaw.exe
0x00007ff90e0f0000 - 0x00007ff90e2e8000 	C:\Windows\SYSTEM32\ntdll.dll
0x00007ff90df40000 - 0x00007ff90dffd000 	C:\Windows\System32\KERNEL32.DLL
0x00007ff90ba40000 - 0x00007ff90bd36000 	C:\Windows\System32\KERNELBASE.dll
0x00007ff90b8d0000 - 0x00007ff90b9d0000 	C:\Windows\System32\ucrtbase.dll
0x00007ff8e3630000 - 0x00007ff8e364b000 	C:\Program Files\Java\jdk-21.0.2\bin\VCRUNTIME140.dll
0x00007ff8e3610000 - 0x00007ff8e3628000 	C:\Program Files\Java\jdk-21.0.2\bin\jli.dll
0x00007ff90cf00000 - 0x00007ff90d09e000 	C:\Windows\System32\USER32.dll
0x00007ff90c100000 - 0x00007ff90c122000 	C:\Windows\System32\win32u.dll
0x00007ff90d800000 - 0x00007ff90d82b000 	C:\Windows\System32\GDI32.dll
0x00007ff90bdd0000 - 0x00007ff90bee7000 	C:\Windows\System32\gdi32full.dll
0x00007ff90b7b0000 - 0x00007ff90b84d000 	C:\Windows\System32\msvcp_win.dll
0x00007ff8f65c0000 - 0x00007ff8f685a000 	C:\Windows\WinSxS\amd64_microsoft.windows.common-controls_6595b64144ccf1df_6.0.19041.3636_none_60b6a03d71f818d5\COMCTL32.dll
0x00007ff90d830000 - 0x00007ff90d8ce000 	C:\Windows\System32\msvcrt.dll
0x00007ff90c4e0000 - 0x00007ff90c512000 	C:\Windows\System32\IMM32.DLL
0x00007ff8ea360000 - 0x00007ff8ea36c000 	C:\Program Files\Java\jdk-21.0.2\bin\vcruntime140_1.dll
0x00007ff8bc0b0000 - 0x00007ff8bc13e000 	C:\Program Files\Java\jdk-21.0.2\bin\msvcp140.dll
0x00007ff8aefb0000 - 0x00007ff8afd33000 	C:\Program Files\Java\jdk-21.0.2\bin\server\jvm.dll
0x00007ff90ce40000 - 0x00007ff90cef3000 	C:\Windows\System32\ADVAPI32.dll
0x00007ff90d4f0000 - 0x00007ff90d58f000 	C:\Windows\System32\sechost.dll
0x00007ff90d610000 - 0x00007ff90d736000 	C:\Windows\System32\RPCRT4.dll
0x00007ff90b850000 - 0x00007ff90b877000 	C:\Windows\System32\bcrypt.dll
0x00007ff90d5a0000 - 0x00007ff90d60b000 	C:\Windows\System32\WS2_32.dll
0x00007ff90ad00000 - 0x00007ff90ad4b000 	C:\Windows\SYSTEM32\POWRPROF.dll
0x00007ff901020000 - 0x00007ff901047000 	C:\Windows\SYSTEM32\WINMM.dll
0x00007ff906640000 - 0x00007ff90664a000 	C:\Windows\SYSTEM32\VERSION.dll
0x00007ff90abc0000 - 0x00007ff90abd2000 	C:\Windows\SYSTEM32\UMPDC.dll
0x00007ff909680000 - 0x00007ff909692000 	C:\Windows\SYSTEM32\kernel.appcore.dll
0x00007ff8ea0c0000 - 0x00007ff8ea0ca000 	C:\Program Files\Java\jdk-21.0.2\bin\jimage.dll
0x00007ff8f0630000 - 0x00007ff8f0814000 	C:\Windows\SYSTEM32\DBGHELP.DLL
0x00007ff8f05f0000 - 0x00007ff8f0624000 	C:\Windows\SYSTEM32\dbgcore.DLL
0x00007ff90bd40000 - 0x00007ff90bdc2000 	C:\Windows\System32\bcryptPrimitives.dll
0x00007ff8e3540000 - 0x00007ff8e355f000 	C:\Program Files\Java\jdk-21.0.2\bin\java.dll

dbghelp: loaded successfully - version: 4.0.5 - missing functions: none
symbol engine: initialized successfully - sym options: 0x614 - pdb path: .;C:\Program Files\Java\jdk-21.0.2\bin;C:\Windows\SYSTEM32;C:\Windows\WinSxS\amd64_microsoft.windows.common-controls_6595b64144ccf1df_6.0.19041.3636_none_60b6a03d71f818d5;C:\Program Files\Java\jdk-21.0.2\bin\server

VM Arguments:
jvm_args: -Dfile.encoding=UTF-8 -Dstdout.encoding=UTF-8 -Dstderr.encoding=UTF-8 -XX:+ShowCodeDetailsInExceptionMessages 
java_command: com.eunji.book.BookMain
java_class_path (initial): G:\work\java\Pjt03\bin
Launcher Type: SUN_STANDARD

[Global flags]
     intx CICompilerCount                          = 4                                         {product} {ergonomic}
     uint ConcGCThreads                            = 2                                         {product} {ergonomic}
     uint G1ConcRefinementThreads                  = 8                                         {product} {ergonomic}
   size_t G1HeapRegionSize                         = 2097152                                   {product} {ergonomic}
    uintx GCDrainStackTargetSize                   = 64                                        {product} {ergonomic}
   size_t InitialHeapSize                          = 268435456                                 {product} {ergonomic}
   size_t MarkStackSize                            = 4194304                                   {product} {ergonomic}
   size_t MaxHeapSize                              = 4284481536                                {product} {ergonomic}
   size_t MinHeapDeltaBytes                        = 2097152                                   {product} {ergonomic}
   size_t MinHeapSize                              = 8388608                                   {product} {ergonomic}
    uintx NonNMethodCodeHeapSize                   = 5839372                                {pd product} {ergonomic}
    uintx NonProfiledCodeHeapSize                  = 122909434                              {pd product} {ergonomic}
    uintx ProfiledCodeHeapSize                     = 122909434                              {pd product} {ergonomic}
    uintx ReservedCodeCacheSize                    = 251658240                              {pd product} {ergonomic}
     bool SegmentedCodeCache                       = true                                      {product} {ergonomic}
     bool ShowCodeDetailsInExceptionMessages       = true                                   {manageable} {command line}
   size_t SoftMaxHeapSize                          = 4284481536                             {manageable} {ergonomic}
     bool UseCompressedOops                        = true                           {product lp64_product} {ergonomic}
     bool UseG1GC                                  = true                                      {product} {ergonomic}
     bool UseLargePagesIndividualAllocation        = false                                  {pd product} {ergonomic}

Logging:
Log output configuration:
 #0: stdout all=warning uptime,level,tags foldmultilines=false
 #1: stderr all=off uptime,level,tags foldmultilines=false

Environment Variables:
PATH=C:/Program Files/eclipse-jee-2023-12-R-win32-x86_64/eclipse//plugins/org.eclipse.justj.openjdk.hotspot.jre.full.win32.x86_64_17.0.9.v20231028-0858/jre/bin/server;C:/Program Files/eclipse-jee-2023-12-R-win32-x86_64/eclipse//plugins/org.eclipse.justj.openjdk.hotspot.jre.full.win32.x86_64_17.0.9.v20231028-0858/jre/bin;C:\Program Files\Java\jdk-21.0.2\bin;C:\Program Files (x86)\Common Files\Oracle\Java\javapath;C:\Windows\system32;C:\Windows;C:\Windows\System32\Wbem;C:\Windows\System32\WindowsPowerShell\v1.0\;C:\Windows\System32\OpenSSH\;C:\Program Files\Bandizip\;C:\Program Files\Git\cmd;C:\Users\Administrator\AppData\Local\Microsoft\WindowsApps;;C:\Program Files\eclipse-jee-2023-12-R-win32-x86_64\eclipse;
USERNAME=PKNU
OS=Windows_NT
PROCESSOR_IDENTIFIER=Intel64 Family 6 Model 60 Stepping 3, GenuineIntel
TMP=C:\Users\ADMINI~1\AppData\Local\Temp
TEMP=C:\Users\ADMINI~1\AppData\Local\Temp




Periodic native trim disabled

---------------  S Y S T E M  ---------------

OS:
 Windows 10 , 64 bit Build 19041 (10.0.19041.3636)
OS uptime: 0 days 6:39 hours

CPU: total 8 (initial active 8) (4 cores per cpu, 2 threads per core) family 6 model 60 stepping 3 microcode 0x27, cx8, cmov, fxsr, ht, mmx, sse, sse2, sse3, ssse3, sse4.1, sse4.2, popcnt, lzcnt, tsc, tscinvbit, avx, avx2, aes, erms, clmul, bmi1, bmi2, fma, vzeroupper, clflush, rdtscp, f16c
Processor Information for all 8 processors :
  Max Mhz: 3601, Current Mhz: 3601, Mhz Limit: 3601

Memory: 4k page, system-wide physical 16338M (9826M free)
TotalPageFile size 31572M (AvailPageFile size 16M)
current process WorkingSet (physical memory assigned to process): 11M, peak: 11M
current process commit charge ("private bytes"): 60M, peak: 316M

vm_info: OpenJDK 64-Bit Server VM (21.0.2+13-LTS) for windows-amd64 JRE (21.0.2+13-LTS), built on 2024-01-16T00:00:00Z by "admin" with unknown MS VC++:1937

END.
